#
# There is insufficient memory for the Java Runtime Environment to continue.
# Native memory allocation (malloc) failed to allocate 1507056 bytes for Chunk::new
# Possible reasons:
#   The system is out of physical RAM or swap space
#   The process is running with CompressedOops enabled, and the Java Heap may be blocking the growth of the native heap
# Possible solutions:
#   Reduce memory load on the system
#   Increase physical memory or swap space
#   Check if swap backing store is full
#   Decrease Java heap size (-Xmx/-Xms)
#   Decrease number of Java threads
#   Decrease Java thread stack sizes (-Xss)
#   Set larger code cache with -XX:ReservedCodeCacheSize=
#   JVM is running with Unscaled Compressed Oops mode in which the Java heap is
#     placed in the first 4GB address space. The Java Heap base address is the
#     maximum limit for the native heap growth. Please use -XX:HeapBaseMinAddress
#     to set the Java Heap base and to place the Java Heap above 4GB virtual address.
# This output file may be truncated or incomplete.
#
#  Out of Memory Error (t:/workspace/open/src/hotspot/share/memory/arena.cpp:197), pid=8104, tid=5832
#
# JRE version: Java(TM) SE Runtime Environment (11.0.4+10) (build 11.0.4+10-LTS)
# Java VM: Java HotSpot(TM) 64-Bit Server VM (11.0.4+10-LTS, mixed mode, tiered, compressed oops, g1 gc, windows-amd64)
# No core dump will be written. Minidumps are not enabled by default on client versions of Windows
#

---------------  S U M M A R Y ------------

Command Line: -Dfile.encoding=UTF-8 com.alefesilva.minhasfinancas.MinhasfinancasApplication

Host: Intel(R) Core(TM) i5-2520M CPU @ 2.50GHz, 4 cores, 3G,  Windows 10 , 64 bit Build 19041 (10.0.19041.2546)
Time: Sun Feb  5 16:01:24 2023 Hora oficial do Brasil elapsed time: 3745 seconds (0d 1h 2m 25s)

---------------  T H R E A D  ---------------

Current thread (0x0000020ead69d800):  JavaThread "C2 CompilerThread1" daemon [_thread_in_native, id=5832, stack(0x000000715e700000,0x000000715e800000)]


Current CompileTask:
C2:3745342 10420       4       org.springframework.data.repository.core.support.RepositoryComposition::getMethod (20 bytes)

Stack: [0x000000715e700000,0x000000715e800000]
Native frames: (J=compiled Java code, j=interpreted, Vv=VM code, C=native code)
V  [jvm.dll+0x635bda]
V  [jvm.dll+0x77360f]
V  [jvm.dll+0x774cba]
V  [jvm.dll+0x775373]
V  [jvm.dll+0x25e668]
V  [jvm.dll+0xc2391]
V  [jvm.dll+0xc291c]
V  [jvm.dll+0x36dbd7]
V  [jvm.dll+0x33a9c3]
V  [jvm.dll+0x339d9a]
V  [jvm.dll+0x218455]
V  [jvm.dll+0x2175fa]
V  [jvm.dll+0x194230]
V  [jvm.dll+0x2265bf]
V  [jvm.dll+0x224bc8]
V  [jvm.dll+0x7389ed]
V  [jvm.dll+0x634c82]
C  [ucrtbase.dll+0x21bb2]
C  [KERNEL32.DLL+0x17614]
C  [ntdll.dll+0x526a1]


---------------  P R O C E S S  ---------------

Threads class SMR info:
_java_thread_list=0x0000020eadc43ab0, length=30, elements={
0x0000020ea8874800, 0x0000020ea88a2000, 0x0000020ea88f2800, 0x0000020ea88f3800,
0x0000020ea8901800, 0x0000020ea8908000, 0x0000020ea8913000, 0x0000020ea8b7e000,
0x0000020ea8b83000, 0x0000020eaced5800, 0x0000020eac508800, 0x0000020eac506000,
0x0000020eac507800, 0x0000020eac509000, 0x0000020eac503800, 0x0000020eac504000,
0x0000020eac50f000, 0x0000020eac50e000, 0x0000020eac50b800, 0x0000020eac50b000,
0x0000020eac50f800, 0x0000020eac50c800, 0x0000020eac510800, 0x0000020eac511800,
0x0000020eac50d000, 0x0000020eac512000, 0x0000020eafb57800, 0x0000020eafb58800,
0x0000020eafb59000, 0x0000020ead69d800
}

Java Threads: ( => current thread )
  0x0000020ea8874800 JavaThread "Reference Handler" daemon [_thread_blocked, id=2216, stack(0x000000715f100000,0x000000715f200000)]
  0x0000020ea88a2000 JavaThread "Finalizer" daemon [_thread_blocked, id=4408, stack(0x000000715f200000,0x000000715f300000)]
  0x0000020ea88f2800 JavaThread "Signal Dispatcher" daemon [_thread_blocked, id=5904, stack(0x000000715f300000,0x000000715f400000)]
  0x0000020ea88f3800 JavaThread "Attach Listener" daemon [_thread_blocked, id=2024, stack(0x000000715f400000,0x000000715f500000)]
  0x0000020ea8901800 JavaThread "C2 CompilerThread0" daemon [_thread_in_native, id=9092, stack(0x000000715f500000,0x000000715f600000)]
  0x0000020ea8908000 JavaThread "C1 CompilerThread0" daemon [_thread_in_vm, id=5708, stack(0x000000715f600000,0x000000715f700000)]
  0x0000020ea8913000 JavaThread "Sweeper thread" daemon [_thread_blocked, id=2272, stack(0x000000715f700000,0x000000715f800000)]
  0x0000020ea8b7e000 JavaThread "Service Thread" daemon [_thread_blocked, id=940, stack(0x000000715f800000,0x000000715f900000)]
  0x0000020ea8b83000 JavaThread "Common-Cleaner" daemon [_thread_blocked, id=6784, stack(0x000000715fa00000,0x000000715fb00000)]
  0x0000020eaced5800 JavaThread "Live Reload Server" daemon [_thread_in_native, id=3056, stack(0x0000007160a00000,0x0000007160b00000)]
  0x0000020eac508800 JavaThread "DestroyJavaVM" [_thread_blocked, id=9052, stack(0x000000715ea00000,0x000000715eb00000)]
  0x0000020eac506000 JavaThread "HikariPool-2 housekeeper" daemon [_thread_blocked, id=8720, stack(0x000000715e900000,0x000000715ea00000)]
  0x0000020eac507800 JavaThread "Catalina-utility-1" [_thread_blocked, id=7456, stack(0x0000007160100000,0x0000007160200000)]
  0x0000020eac509000 JavaThread "Catalina-utility-2" [_thread_blocked, id=8828, stack(0x0000007160300000,0x0000007160400000)]
  0x0000020eac503800 JavaThread "container-0" [_thread_blocked, id=3528, stack(0x0000007160400000,0x0000007160500000)]
  0x0000020eac504000 JavaThread "File Watcher" daemon [_thread_blocked, id=612, stack(0x0000007160600000,0x0000007160700000)]
  0x0000020eac50f000 JavaThread "http-nio-8080-exec-1" daemon [_thread_blocked, id=3876, stack(0x0000007160700000,0x0000007160800000)]
  0x0000020eac50e000 JavaThread "http-nio-8080-exec-2" daemon [_thread_blocked, id=6788, stack(0x0000007160800000,0x0000007160900000)]
  0x0000020eac50b800 JavaThread "http-nio-8080-exec-3" daemon [_thread_blocked, id=6508, stack(0x0000007160900000,0x0000007160a00000)]
  0x0000020eac50b000 JavaThread "http-nio-8080-exec-4" daemon [_thread_blocked, id=2956, stack(0x0000007160b00000,0x0000007160c00000)]
  0x0000020eac50f800 JavaThread "http-nio-8080-exec-5" daemon [_thread_blocked, id=4524, stack(0x0000007160c00000,0x0000007160d00000)]
  0x0000020eac50c800 JavaThread "http-nio-8080-exec-6" daemon [_thread_blocked, id=8288, stack(0x0000007160d00000,0x0000007160e00000)]
  0x0000020eac510800 JavaThread "http-nio-8080-exec-7" daemon [_thread_blocked, id=5500, stack(0x0000007160e00000,0x0000007160f00000)]
  0x0000020eac511800 JavaThread "http-nio-8080-exec-8" daemon [_thread_blocked, id=6096, stack(0x0000007160f00000,0x0000007161000000)]
  0x0000020eac50d000 JavaThread "http-nio-8080-exec-9" daemon [_thread_blocked, id=4696, stack(0x0000007161000000,0x0000007161100000)]
  0x0000020eac512000 JavaThread "http-nio-8080-exec-10" daemon [_thread_blocked, id=2740, stack(0x0000007161100000,0x0000007161200000)]
  0x0000020eafb57800 JavaThread "http-nio-8080-Poller" daemon [_thread_in_native, id=8064, stack(0x0000007161200000,0x0000007161300000)]
  0x0000020eafb58800 JavaThread "http-nio-8080-Acceptor" daemon [_thread_in_native, id=8424, stack(0x0000007161300000,0x0000007161400000)]
  0x0000020eafb59000 JavaThread "http-nio-8080-exec-11" daemon [_thread_blocked, id=9412, stack(0x000000715e800000,0x000000715e900000)]
=>0x0000020ead69d800 JavaThread "C2 CompilerThread1" daemon [_thread_in_native, id=5832, stack(0x000000715e700000,0x000000715e800000)]

Other Threads:
  0x0000020ea8872800 VMThread "VM Thread" [stack: 0x000000715f000000,0x000000715f100000] [id=2552]
  0x0000020ea8b84800 WatcherThread [stack: 0x000000715f900000,0x000000715fa00000] [id=8328]
  0x0000020e8a406000 GCTaskThread "GC Thread#0" [stack: 0x000000715eb00000,0x000000715ec00000] [id=7304]
  0x0000020ea92ae800 GCTaskThread "GC Thread#1" [stack: 0x000000715fb00000,0x000000715fc00000] [id=9036]
  0x0000020ea9aa9000 GCTaskThread "GC Thread#2" [stack: 0x000000715ff00000,0x0000007160000000] [id=1568]
  0x0000020ea95bc800 GCTaskThread "GC Thread#3" [stack: 0x0000007160000000,0x0000007160100000] [id=8792]
  0x0000020e8a423800 ConcurrentGCThread "G1 Main Marker" [stack: 0x000000715ec00000,0x000000715ed00000] [id=8928]
  0x0000020e8a425000 ConcurrentGCThread "G1 Conc#0" [stack: 0x000000715ed00000,0x000000715ee00000] [id=9028]
  0x0000020e8a47d800 ConcurrentGCThread "G1 Refine#0" [stack: 0x000000715ee00000,0x000000715ef00000] [id=8544]
  0x0000020ea8dd8000 ConcurrentGCThread "G1 Refine#1" [stack: 0x000000715fc00000,0x000000715fd00000] [id=6660]
  0x0000020e8a47f000 ConcurrentGCThread "G1 Young RemSet Sampling" [stack: 0x000000715ef00000,0x000000715f000000] [id=984]

Threads with active compile tasks:
C2 CompilerThread010747   !   4       org.springframework.web.servlet.mvc.method.annotation.AbstractMessageConverterMethodProcessor::writeWithMessageConverters (1086 bytes)
C1 CompilerThread010794   !   3       org.apache.coyote.AbstractProtocol$ConnectionHandler::process (1272 bytes)
C2 CompilerThread110420       4       org.springframework.data.repository.core.support.RepositoryComposition::getMethod (20 bytes)

VM state:not at safepoint (normal execution)

VM Mutex/Monitor currently owned by a thread: None

Heap address: 0x00000000c1600000, size: 1002 MB, Compressed Oops mode: 32-bit
Narrow klass base: 0x0000000000000000, Narrow klass shift: 3
Compressed class space size: 1073741824 Address: 0x0000000100000000

Heap:
 garbage-first heap   total 75776K, used 31649K [0x00000000c1600000, 0x0000000100000000)
  region size 1024K, 6 young (6144K), 1 survivors (1024K)
 Metaspace       used 71729K, capacity 73712K, committed 73980K, reserved 1114112K
  class space    used 8717K, capacity 9479K, committed 9600K, reserved 1048576K
Heap Regions: E=young(eden), S=young(survivor), O=old, HS=humongous(starts), HC=humongous(continues), CS=collection set, F=free, A=archive, TAMS=top-at-mark-start (previous, next)
|   0|0x00000000c1600000, 0x00000000c1700000, 0x00000000c1700000|100%|HS|  |TAMS 0x00000000c1600000, 0x00000000c1600000| Untracked 
|   1|0x00000000c1700000, 0x00000000c17fd5e0, 0x00000000c1800000| 98%| O|  |TAMS 0x00000000c1700000, 0x00000000c1700000| Untracked 
|   2|0x00000000c1800000, 0x00000000c18fdbd0, 0x00000000c1900000| 99%| O|  |TAMS 0x00000000c1800000, 0x00000000c1800000| Untracked 
|   3|0x00000000c1900000, 0x00000000c1a00000, 0x00000000c1a00000|100%| O|  |TAMS 0x00000000c1900000, 0x00000000c1900000| Untracked 
|   4|0x00000000c1a00000, 0x00000000c1affff0, 0x00000000c1b00000| 99%| O|  |TAMS 0x00000000c1a00000, 0x00000000c1a00000| Untracked 
|   5|0x00000000c1b00000, 0x00000000c1c00000, 0x00000000c1c00000|100%| O|  |TAMS 0x00000000c1b00000, 0x00000000c1b00000| Untracked 
|   6|0x00000000c1c00000, 0x00000000c1cffff8, 0x00000000c1d00000| 99%| O|  |TAMS 0x00000000c1c00000, 0x00000000c1c00000| Untracked 
|   7|0x00000000c1d00000, 0x00000000c1dffff0, 0x00000000c1e00000| 99%| O|  |TAMS 0x00000000c1d00000, 0x00000000c1d00000| Untracked 
|   8|0x00000000c1e00000, 0x00000000c1efffd8, 0x00000000c1f00000| 99%| O|  |TAMS 0x00000000c1e00000, 0x00000000c1e00000| Untracked 
|   9|0x00000000c1f00000, 0x00000000c1fffff8, 0x00000000c2000000| 99%| O|  |TAMS 0x00000000c1f00000, 0x00000000c1f00000| Untracked 
|  10|0x00000000c2000000, 0x00000000c20fffe0, 0x00000000c2100000| 99%| O|  |TAMS 0x00000000c2000000, 0x00000000c2000000| Untracked 
|  11|0x00000000c2100000, 0x00000000c2200000, 0x00000000c2200000|100%| O|  |TAMS 0x00000000c2100000, 0x00000000c2100000| Untracked 
|  12|0x00000000c2200000, 0x00000000c22fffb8, 0x00000000c2300000| 99%| O|  |TAMS 0x00000000c2200000, 0x00000000c2200000| Untracked 
|  13|0x00000000c2300000, 0x00000000c23fea98, 0x00000000c2400000| 99%| O|  |TAMS 0x00000000c2300000, 0x00000000c2300000| Untracked 
|  14|0x00000000c2400000, 0x00000000c24ffff0, 0x00000000c2500000| 99%| O|  |TAMS 0x00000000c2400000, 0x00000000c2400000| Untracked 
|  15|0x00000000c2500000, 0x00000000c25fffa8, 0x00000000c2600000| 99%| O|  |TAMS 0x00000000c2500000, 0x00000000c2500000| Untracked 
|  16|0x00000000c2600000, 0x00000000c2700000, 0x00000000c2700000|100%| O|  |TAMS 0x00000000c2600000, 0x00000000c2600000| Untracked 
|  17|0x00000000c2700000, 0x00000000c27fffd8, 0x00000000c2800000| 99%| O|  |TAMS 0x00000000c2700000, 0x00000000c2700000| Untracked 
|  18|0x00000000c2800000, 0x00000000c28fffa8, 0x00000000c2900000| 99%| O|  |TAMS 0x00000000c2800000, 0x00000000c2800000| Untracked 
|  19|0x00000000c2900000, 0x00000000c29daa78, 0x00000000c2a00000| 85%| O|  |TAMS 0x00000000c2900000, 0x00000000c2900000| Untracked 
|  20|0x00000000c2a00000, 0x00000000c2a65068, 0x00000000c2b00000| 39%| O|  |TAMS 0x00000000c2a00000, 0x00000000c2a00000| Untracked 
|  21|0x00000000c2b00000, 0x00000000c2c00000, 0x00000000c2c00000|100%| O|  |TAMS 0x00000000c2b00000, 0x00000000c2b00000| Untracked 
|  22|0x00000000c2c00000, 0x00000000c2d00000, 0x00000000c2d00000|100%| O|  |TAMS 0x00000000c2c00000, 0x00000000c2c00000| Untracked 
|  23|0x00000000c2d00000, 0x00000000c2e00000, 0x00000000c2e00000|100%| O|  |TAMS 0x00000000c2d00000, 0x00000000c2d00000| Untracked 
|  24|0x00000000c2e00000, 0x00000000c2f00000, 0x00000000c2f00000|100%| O|  |TAMS 0x00000000c2e00000, 0x00000000c2e00000| Untracked 
|  25|0x00000000c2f00000, 0x00000000c3000000, 0x00000000c3000000|100%| O|  |TAMS 0x00000000c2f00000, 0x00000000c2f00000| Untracked 
|  26|0x00000000c3000000, 0x00000000c30db800, 0x00000000c3100000| 85%| O|  |TAMS 0x00000000c3000000, 0x00000000c3000000| Untracked 
|  27|0x00000000c3100000, 0x00000000c3100000, 0x00000000c3200000|  0%| F|  |TAMS 0x00000000c3100000, 0x00000000c3100000| Untracked 
|  28|0x00000000c3200000, 0x00000000c3200000, 0x00000000c3300000|  0%| F|  |TAMS 0x00000000c3200000, 0x00000000c3200000| Untracked 
|  29|0x00000000c3300000, 0x00000000c3300000, 0x00000000c3400000|  0%| F|  |TAMS 0x00000000c3300000, 0x00000000c3300000| Untracked 
|  30|0x00000000c3400000, 0x00000000c3400000, 0x00000000c3500000|  0%| F|  |TAMS 0x00000000c3400000, 0x00000000c3400000| Untracked 
|  31|0x00000000c3500000, 0x00000000c3500000, 0x00000000c3600000|  0%| F|  |TAMS 0x00000000c3500000, 0x00000000c3500000| Untracked 
|  32|0x00000000c3600000, 0x00000000c3614b90, 0x00000000c3700000|  8%| O|  |TAMS 0x00000000c3600000, 0x00000000c3600000| Untracked 
|  33|0x00000000c3700000, 0x00000000c3700000, 0x00000000c3800000|  0%| F|  |TAMS 0x00000000c3700000, 0x00000000c3700000| Untracked 
|  34|0x00000000c3800000, 0x00000000c3800000, 0x00000000c3900000|  0%| F|  |TAMS 0x00000000c3800000, 0x00000000c3800000| Untracked 
|  35|0x00000000c3900000, 0x00000000c3900000, 0x00000000c3a00000|  0%| F|  |TAMS 0x00000000c3900000, 0x00000000c3900000| Untracked 
|  36|0x00000000c3a00000, 0x00000000c3a00000, 0x00000000c3b00000|  0%| F|  |TAMS 0x00000000c3a00000, 0x00000000c3a00000| Untracked 
|  37|0x00000000c3b00000, 0x00000000c3b00000, 0x00000000c3c00000|  0%| F|  |TAMS 0x00000000c3b00000, 0x00000000c3b00000| Untracked 
|  38|0x00000000c3c00000, 0x00000000c3c00000, 0x00000000c3d00000|  0%| F|  |TAMS 0x00000000c3c00000, 0x00000000c3c00000| Untracked 
|  39|0x00000000c3d00000, 0x00000000c3d00000, 0x00000000c3e00000|  0%| F|  |TAMS 0x00000000c3d00000, 0x00000000c3d00000| Untracked 
|  40|0x00000000c3e00000, 0x00000000c3e00000, 0x00000000c3f00000|  0%| F|  |TAMS 0x00000000c3e00000, 0x00000000c3e00000| Untracked 
|  41|0x00000000c3f00000, 0x00000000c3f00000, 0x00000000c4000000|  0%| F|  |TAMS 0x00000000c3f00000, 0x00000000c3f00000| Untracked 
|  42|0x00000000c4000000, 0x00000000c4000000, 0x00000000c4100000|  0%| F|  |TAMS 0x00000000c4000000, 0x00000000c4000000| Untracked 
|  43|0x00000000c4100000, 0x00000000c4100000, 0x00000000c4200000|  0%| F|  |TAMS 0x00000000c4100000, 0x00000000c4100000| Untracked 
|  44|0x00000000c4200000, 0x00000000c4200000, 0x00000000c4300000|  0%| F|  |TAMS 0x00000000c4200000, 0x00000000c4200000| Untracked 
|  45|0x00000000c4300000, 0x00000000c4300000, 0x00000000c4400000|  0%| F|  |TAMS 0x00000000c4300000, 0x00000000c4300000| Untracked 
|  46|0x00000000c4400000, 0x00000000c4400000, 0x00000000c4500000|  0%| F|  |TAMS 0x00000000c4400000, 0x00000000c4400000| Untracked 
|  47|0x00000000c4500000, 0x00000000c4500000, 0x00000000c4600000|  0%| F|  |TAMS 0x00000000c4500000, 0x00000000c4500000| Untracked 
|  48|0x00000000c4600000, 0x00000000c4600000, 0x00000000c4700000|  0%| F|  |TAMS 0x00000000c4600000, 0x00000000c4600000| Untracked 
|  49|0x00000000c4700000, 0x00000000c4700000, 0x00000000c4800000|  0%| F|  |TAMS 0x00000000c4700000, 0x00000000c4700000| Untracked 
|  50|0x00000000c4800000, 0x00000000c4800000, 0x00000000c4900000|  0%| F|  |TAMS 0x00000000c4800000, 0x00000000c4800000| Untracked 
|  51|0x00000000c4900000, 0x00000000c4900000, 0x00000000c4a00000|  0%| F|  |TAMS 0x00000000c4900000, 0x00000000c4900000| Untracked 
|  52|0x00000000c4a00000, 0x00000000c4a00000, 0x00000000c4b00000|  0%| F|  |TAMS 0x00000000c4a00000, 0x00000000c4a00000| Untracked 
|  53|0x00000000c4b00000, 0x00000000c4b00000, 0x00000000c4c00000|  0%| F|  |TAMS 0x00000000c4b00000, 0x00000000c4b00000| Untracked 
|  54|0x00000000c4c00000, 0x00000000c4c00000, 0x00000000c4d00000|  0%| F|  |TAMS 0x00000000c4c00000, 0x00000000c4c00000| Untracked 
|  55|0x00000000c4d00000, 0x00000000c4d00000, 0x00000000c4e00000|  0%| F|  |TAMS 0x00000000c4d00000, 0x00000000c4d00000| Untracked 
|  56|0x00000000c4e00000, 0x00000000c4e00000, 0x00000000c4f00000|  0%| F|  |TAMS 0x00000000c4e00000, 0x00000000c4e00000| Untracked 
|  57|0x00000000c4f00000, 0x00000000c4f00000, 0x00000000c5000000|  0%| F|  |TAMS 0x00000000c4f00000, 0x00000000c4f00000| Untracked 
|  58|0x00000000c5000000, 0x00000000c5000000, 0x00000000c5100000|  0%| F|  |TAMS 0x00000000c5000000, 0x00000000c5000000| Untracked 
|  59|0x00000000c5100000, 0x00000000c5100000, 0x00000000c5200000|  0%| F|  |TAMS 0x00000000c5100000, 0x00000000c5100000| Untracked 
|  60|0x00000000c5200000, 0x00000000c52bed80, 0x00000000c5300000| 74%| S|CS|TAMS 0x00000000c5200000, 0x00000000c5200000| Complete 
|  61|0x00000000c5300000, 0x00000000c5300000, 0x00000000c5400000|  0%| F|  |TAMS 0x00000000c5300000, 0x00000000c5300000| Untracked 
|  62|0x00000000c5400000, 0x00000000c5400000, 0x00000000c5500000|  0%| F|  |TAMS 0x00000000c5400000, 0x00000000c5400000| Untracked 
|  63|0x00000000c5500000, 0x00000000c5500000, 0x00000000c5600000|  0%| F|  |TAMS 0x00000000c5500000, 0x00000000c5500000| Untracked 
|  64|0x00000000c5600000, 0x00000000c5600000, 0x00000000c5700000|  0%| F|  |TAMS 0x00000000c5600000, 0x00000000c5600000| Untracked 
|  65|0x00000000c5700000, 0x00000000c5700000, 0x00000000c5800000|  0%| F|  |TAMS 0x00000000c5700000, 0x00000000c5700000| Untracked 
|  66|0x00000000c5800000, 0x00000000c5800000, 0x00000000c5900000|  0%| F|  |TAMS 0x00000000c5800000, 0x00000000c5800000| Untracked 
|  67|0x00000000c5900000, 0x00000000c5900000, 0x00000000c5a00000|  0%| F|  |TAMS 0x00000000c5900000, 0x00000000c5900000| Untracked 
|  68|0x00000000c5a00000, 0x00000000c5a00000, 0x00000000c5b00000|  0%| F|  |TAMS 0x00000000c5a00000, 0x00000000c5a00000| Untracked 
|  69|0x00000000c5b00000, 0x00000000c5ba9418, 0x00000000c5c00000| 66%| E|  |TAMS 0x00000000c5b00000, 0x00000000c5b00000| Complete 
|  70|0x00000000c5c00000, 0x00000000c5d00000, 0x00000000c5d00000|100%| E|CS|TAMS 0x00000000c5c00000, 0x00000000c5c00000| Complete 
|  71|0x00000000c5d00000, 0x00000000c5e00000, 0x00000000c5e00000|100%| E|CS|TAMS 0x00000000c5d00000, 0x00000000c5d00000| Complete 
|  72|0x00000000c5e00000, 0x00000000c5f00000, 0x00000000c5f00000|100%| E|CS|TAMS 0x00000000c5e00000, 0x00000000c5e00000| Complete 
|  73|0x00000000c5f00000, 0x00000000c6000000, 0x00000000c6000000|100%| E|CS|TAMS 0x00000000c5f00000, 0x00000000c5f00000| Complete 

Card table byte_map: [0x0000020ea3780000,0x0000020ea3980000] _byte_map_base: 0x0000020ea3175000

Marking Bits (Prev, Next): (CMBitMap*) 0x0000020e8a41eb50, (CMBitMap*) 0x0000020e8a41eb18
 Prev Bits: [0x0000020ea4b30000, 0x0000020ea5ad8000)
 Next Bits: [0x0000020ea3b80000, 0x0000020ea4b28000)

Polling page: 0x0000020e8a4d0000

Metaspace:

Usage:
  Non-class:     62.73 MB capacity,    61.54 MB ( 98%) used,   976.41 KB (  2%) free+waste,   241.69 KB ( <1%) overhead. 
      Class:      9.26 MB capacity,     8.51 MB ( 92%) used,   651.70 KB (  7%) free+waste,   109.88 KB (  1%) overhead. 
       Both:     71.98 MB capacity,    70.05 MB ( 97%) used,     1.59 MB (  2%) free+waste,   351.56 KB ( <1%) overhead. 

Virtual space:
  Non-class space:       64.00 MB reserved,      62.87 MB ( 98%) committed 
      Class space:        1.00 GB reserved,       9.38 MB ( <1%) committed 
             Both:        1.06 GB reserved,      72.25 MB (  7%) committed 

Chunk freelists:
   Non-Class:  2.38 KB
       Class:  0 bytes
        Both:  2.38 KB

CodeHeap 'non-profiled nmethods': size=120064Kb used=5906Kb max_used=5906Kb free=114157Kb
 bounds [0x0000020e9ba20000, 0x0000020e9bff0000, 0x0000020ea2f60000]
CodeHeap 'profiled nmethods': size=120000Kb used=17717Kb max_used=17717Kb free=102282Kb
 bounds [0x0000020e944f0000, 0x0000020e95650000, 0x0000020e9ba20000]
CodeHeap 'non-nmethods': size=5696Kb used=1228Kb max_used=1294Kb free=4467Kb
 bounds [0x0000020e93f60000, 0x0000020e941d0000, 0x0000020e944f0000]
 total_blobs=12190 nmethods=8097 adapters=503
 compilation: enabled
              stopped_count=0, restarted_count=0
 full_count=0

Compilation events (10 events):
Event: 3744.422 Thread 0x0000020ea8901800 10691   !   4       org.springframework.http.MediaType::parseMediaType (41 bytes)
Event: 3744.435 Thread 0x0000020ea8901800 nmethod 10691 0x0000020e9bfd9190 code [0x0000020e9bfd9340, 0x0000020e9bfd9848]
Event: 3744.476 Thread 0x0000020ea8901800 10692       4       java.util.ArrayList::toArray (12 bytes)
Event: 3744.479 Thread 0x0000020ea8901800 nmethod 10692 0x0000020e9bfd9a90 code [0x0000020e9bfd9c20, 0x0000020e9bfd9ed8]
Event: 3744.500 Thread 0x0000020ea8908000 nmethod 10675 0x0000020e955c0410 code [0x0000020e955c10a0, 0x0000020e955c8c40]
Event: 3744.500 Thread 0x0000020ea8908000 10643       3       org.hibernate.engine.spi.LoadQueryInfluencers::getEnabledFilters (57 bytes)
Event: 3744.526 Thread 0x0000020ea8908000 nmethod 10643 0x0000020e955cb510 code [0x0000020e955cb740, 0x0000020e955cbe70]
Event: 3744.527 Thread 0x0000020ea8908000 10661       3       org.springframework.http.HttpEntity::<init> (32 bytes)
Event: 3744.529 Thread 0x0000020ea8908000 nmethod 10661 0x0000020e955cc090 code [0x0000020e955cc3a0, 0x0000020e955cd7c0]
Event: 3744.529 Thread 0x0000020ea8908000 10669       3       org.hibernate.internal.AbstractSharedSessionContract::startTransactionBoundary (10 bytes)

GC Heap History (10 events):
Event: 3558.931 GC heap before
{Heap before GC invocations=39 (full 1):
 garbage-first heap   total 75776K, used 35658K [0x00000000c1600000, 0x0000000100000000)
  region size 1024K, 10 young (10240K), 1 survivors (1024K)
 Metaspace       used 69524K, capacity 71507K, committed 71548K, reserved 1112064K
  class space    used 8709K, capacity 9466K, committed 9472K, reserved 1048576K
}
Event: 3559.089 GC heap after
{Heap after GC invocations=40 (full 1):
 garbage-first heap   total 75776K, used 26445K [0x00000000c1600000, 0x0000000100000000)
  region size 1024K, 1 young (1024K), 1 survivors (1024K)
 Metaspace       used 69524K, capacity 71507K, committed 71548K, reserved 1112064K
  class space    used 8709K, capacity 9466K, committed 9472K, reserved 1048576K
}
Event: 3716.558 GC heap before
{Heap before GC invocations=40 (full 1):
 garbage-first heap   total 75776K, used 37709K [0x00000000c1600000, 0x0000000100000000)
  region size 1024K, 12 young (12288K), 1 survivors (1024K)
 Metaspace       used 69815K, capacity 71809K, committed 71932K, reserved 1112064K
  class space    used 8716K, capacity 9479K, committed 9600K, reserved 1048576K
}
Event: 3717.008 GC heap after
{Heap after GC invocations=41 (full 1):
 garbage-first heap   total 75776K, used 26832K [0x00000000c1600000, 0x0000000100000000)
  region size 1024K, 1 young (1024K), 1 survivors (1024K)
 Metaspace       used 69815K, capacity 71809K, committed 71932K, reserved 1112064K
  class space    used 8716K, capacity 9479K, committed 9600K, reserved 1048576K
}
Event: 3726.882 GC heap before
{Heap before GC invocations=41 (full 1):
 garbage-first heap   total 75776K, used 42192K [0x00000000c1600000, 0x0000000100000000)
  region size 1024K, 16 young (16384K), 1 survivors (1024K)
 Metaspace       used 70323K, capacity 72329K, committed 72700K, reserved 1112064K
  class space    used 8716K, capacity 9479K, committed 9600K, reserved 1048576K
}
Event: 3727.089 GC heap after
{Heap after GC invocations=42 (full 1):
 garbage-first heap   total 75776K, used 26995K [0x00000000c1600000, 0x0000000100000000)
  region size 1024K, 1 young (1024K), 1 survivors (1024K)
 Metaspace       used 70323K, capacity 72329K, committed 72700K, reserved 1112064K
  class space    used 8716K, capacity 9479K, committed 9600K, reserved 1048576K
}
Event: 3738.542 GC heap before
{Heap before GC invocations=42 (full 1):
 garbage-first heap   total 75776K, used 39283K [0x00000000c1600000, 0x0000000100000000)
  region size 1024K, 13 young (13312K), 1 survivors (1024K)
 Metaspace       used 71512K, capacity 73454K, committed 73724K, reserved 1114112K
  class space    used 8716K, capacity 9479K, committed 9600K, reserved 1048576K
}
Event: 3738.602 GC heap after
{Heap after GC invocations=43 (full 1):
 garbage-first heap   total 75776K, used 27488K [0x00000000c1600000, 0x0000000100000000)
  region size 1024K, 2 young (2048K), 2 survivors (2048K)
 Metaspace       used 71512K, capacity 73454K, committed 73724K, reserved 1114112K
  class space    used 8716K, capacity 9479K, committed 9600K, reserved 1048576K
}
Event: 3742.248 GC heap before
{Heap before GC invocations=43 (full 1):
 garbage-first heap   total 75776K, used 40800K [0x00000000c1600000, 0x0000000100000000)
  region size 1024K, 15 young (15360K), 2 survivors (2048K)
 Metaspace       used 71607K, capacity 73583K, committed 73724K, reserved 1114112K
  class space    used 8717K, capacity 9479K, committed 9600K, reserved 1048576K
}
Event: 3742.375 GC heap after
{Heap after GC invocations=44 (full 1):
 garbage-first heap   total 75776K, used 27607K [0x00000000c1600000, 0x0000000100000000)
  region size 1024K, 1 young (1024K), 1 survivors (1024K)
 Metaspace       used 71607K, capacity 73583K, committed 73724K, reserved 1114112K
  class space    used 8717K, capacity 9479K, committed 9600K, reserved 1048576K
}

Deoptimization events (10 events):
Event: 3726.320 Thread 0x0000020eac511800 Uncommon trap: reason=profile_predicate action=maybe_recompile pc=0x0000020e9beb77f0 method=org.apache.tomcat.util.buf.AbstractChunk.indexOf(Ljava/lang/String;III)I @ 29 c2
Event: 3726.328 Thread 0x0000020eac511800 Uncommon trap: reason=profile_predicate action=maybe_recompile pc=0x0000020e9beb77f0 method=org.apache.tomcat.util.buf.AbstractChunk.indexOf(Ljava/lang/String;III)I @ 29 c2
Event: 3726.328 Thread 0x0000020eac511800 Uncommon trap: reason=profile_predicate action=maybe_recompile pc=0x0000020e9beb77f0 method=org.apache.tomcat.util.buf.AbstractChunk.indexOf(Ljava/lang/String;III)I @ 29 c2
Event: 3727.649 Thread 0x0000020eafb57800 Uncommon trap: reason=bimorphic_or_optimized_type_check action=maybe_recompile pc=0x0000020e9bea95c4 method=java.util.HashMap.removeNode(ILjava/lang/Object;Ljava/lang/Object;ZZ)Ljava/util/HashMap$Node; @ 143 c2
Event: 3727.649 Thread 0x0000020eafb57800 Uncommon trap: reason=bimorphic_or_optimized_type_check action=maybe_recompile pc=0x0000020e9bea95c4 method=java.util.HashMap.removeNode(ILjava/lang/Object;Ljava/lang/Object;ZZ)Ljava/util/HashMap$Node; @ 143 c2
Event: 3727.649 Thread 0x0000020eafb57800 Uncommon trap: reason=bimorphic_or_optimized_type_check action=maybe_recompile pc=0x0000020e9bea95c4 method=java.util.HashMap.removeNode(ILjava/lang/Object;Ljava/lang/Object;ZZ)Ljava/util/HashMap$Node; @ 143 c2
Event: 3727.649 Thread 0x0000020eafb57800 Uncommon trap: reason=bimorphic_or_optimized_type_check action=maybe_recompile pc=0x0000020e9bea95c4 method=java.util.HashMap.removeNode(ILjava/lang/Object;Ljava/lang/Object;ZZ)Ljava/util/HashMap$Node; @ 143 c2
Event: 3727.649 Thread 0x0000020eafb57800 Uncommon trap: reason=bimorphic_or_optimized_type_check action=maybe_recompile pc=0x0000020e9bdb37e4 method=java.util.HashMap.removeNode(ILjava/lang/Object;Ljava/lang/Object;ZZ)Ljava/util/HashMap$Node; @ 143 c2
Event: 3735.499 Thread 0x0000020eac50d000 Uncommon trap: reason=unstable_if action=reinterpret pc=0x0000020e9bb89fa8 method=java.util.concurrent.ConcurrentHashMap.addCount(JI)V @ 34 c2
Event: 3736.441 Thread 0x0000020eafb58800 Uncommon trap: reason=unstable_if action=reinterpret pc=0x0000020e9bec1c00 method=java.util.concurrent.ConcurrentHashMap.addCount(JI)V @ 7 c2

Classes redefined (0 events):
No events

Internal exceptions (10 events):
Event: 3727.618 Thread 0x0000020eac50c800 Exception <a 'java/io/IOException'{0x00000000c5ffe6f0}> (0x00000000c5ffe6f0) thrown at [t:/workspace/open/src/hotspot/share/prims/jni.cpp, line 615]
Event: 3727.619 Thread 0x0000020eac50f800 Exception <a 'java/io/IOException'{0x00000000c5f9b8a0}> (0x00000000c5f9b8a0) thrown at [t:/workspace/open/src/hotspot/share/prims/jni.cpp, line 615]
Event: 3727.619 Thread 0x0000020eac50b800 Exception <a 'java/io/IOException'{0x00000000c5f916d0}> (0x00000000c5f916d0) thrown at [t:/workspace/open/src/hotspot/share/prims/jni.cpp, line 615]
Event: 3727.619 Thread 0x0000020eac511800 Exception <a 'java/io/IOException'{0x00000000c5f687a0}> (0x00000000c5f687a0) thrown at [t:/workspace/open/src/hotspot/share/prims/jni.cpp, line 615]
Event: 3727.619 Thread 0x0000020eac510800 Exception <a 'java/io/IOException'{0x00000000c5faaea8}> (0x00000000c5faaea8) thrown at [t:/workspace/open/src/hotspot/share/prims/jni.cpp, line 615]
Event: 3727.629 Thread 0x0000020eac50d000 Exception <a 'java/io/IOException'{0x00000000c5fa2588}> (0x00000000c5fa2588) thrown at [t:/workspace/open/src/hotspot/share/prims/jni.cpp, line 615]
Event: 3727.631 Thread 0x0000020eac512000 Exception <a 'java/io/IOException'{0x00000000c5fb9448}> (0x00000000c5fb9448) thrown at [t:/workspace/open/src/hotspot/share/prims/jni.cpp, line 615]
Event: 3727.655 Thread 0x0000020eac50e000 Exception <a 'java/io/IOException'{0x00000000c5ffb370}> (0x00000000c5ffb370) thrown at [t:/workspace/open/src/hotspot/share/prims/jni.cpp, line 615]
Event: 3727.685 Thread 0x0000020eac50f000 Exception <a 'java/io/IOException'{0x00000000c5e40ba8}> (0x00000000c5e40ba8) thrown at [t:/workspace/open/src/hotspot/share/prims/jni.cpp, line 615]
Event: 3727.972 Thread 0x0000020eafb59000 Exception <a 'java/io/IOException'{0x00000000c5e52018}> (0x00000000c5e52018) thrown at [t:/workspace/open/src/hotspot/share/prims/jni.cpp, line 615]

Events (10 events):
Event: 3740.690 Thread 0x0000020ead69d800 Thread added: 0x0000020ead69d800
Event: 3740.749 Executing VM operation: RevokeBias done
Event: 3741.334 Thread 0x0000020eac510800 DEOPT PACKING pc=0x0000020e952b3cb8 sp=0x0000007160efd650
Event: 3741.334 Thread 0x0000020eac510800 DEOPT UNPACKING pc=0x0000020e93f88cce sp=0x0000007160efcbe8 mode 0
Event: 3742.228 Executing VM operation: G1CollectForAllocation
Event: 3742.376 Executing VM operation: G1CollectForAllocation done
Event: 3743.606 Executing VM operation: RevokeBias
Event: 3743.636 Executing VM operation: RevokeBias done
Event: 3743.826 Executing VM operation: RevokeBias
Event: 3743.916 Executing VM operation: RevokeBias done


Dynamic libraries:
0x00007ff77b340000 - 0x00007ff77b387000 	C:\Program Files\Java\jdk-11.0.4\bin\javaw.exe
0x00007fff81e10000 - 0x00007fff82008000 	C:\WINDOWS\SYSTEM32\ntdll.dll
0x00007fff7ff30000 - 0x00007fff7ffef000 	C:\WINDOWS\System32\KERNEL32.DLL
0x00007fff7fb70000 - 0x00007fff7fe42000 	C:\WINDOWS\System32\KERNELBASE.dll
0x00007fff80940000 - 0x00007fff809ee000 	C:\WINDOWS\System32\ADVAPI32.dll
0x00007fff80e80000 - 0x00007fff80f1e000 	C:\WINDOWS\System32\msvcrt.dll
0x00007fff80cb0000 - 0x00007fff80d4c000 	C:\WINDOWS\System32\sechost.dll
0x00007fff807b0000 - 0x00007fff808d5000 	C:\WINDOWS\System32\RPCRT4.dll
0x00007fff80190000 - 0x00007fff80331000 	C:\WINDOWS\System32\USER32.dll
0x00007fff7f590000 - 0x00007fff7f5b2000 	C:\WINDOWS\System32\win32u.dll
0x00007fff80e00000 - 0x00007fff80e2b000 	C:\WINDOWS\System32\GDI32.dll
0x00007fff7f7e0000 - 0x00007fff7f8ef000 	C:\WINDOWS\System32\gdi32full.dll
0x00007fff7faa0000 - 0x00007fff7fb3d000 	C:\WINDOWS\System32\msvcp_win.dll
0x00007fff7f8f0000 - 0x00007fff7f9f0000 	C:\WINDOWS\System32\ucrtbase.dll
0x00007fff696d0000 - 0x00007fff6996a000 	C:\WINDOWS\WinSxS\amd64_microsoft.windows.common-controls_6595b64144ccf1df_6.0.19041.1110_none_60b5254171f9507e\COMCTL32.dll
0x00007fff787a0000 - 0x00007fff787aa000 	C:\WINDOWS\SYSTEM32\VERSION.dll
0x00007fff80e30000 - 0x00007fff80e62000 	C:\WINDOWS\System32\IMM32.DLL
0x00007fff74f60000 - 0x00007fff74f76000 	C:\Program Files\Java\jdk-11.0.4\bin\vcruntime140.dll
0x00007fff62fa0000 - 0x00007fff6304a000 	C:\Program Files\Java\jdk-11.0.4\bin\msvcp140.dll
0x00007fff54d90000 - 0x00007fff558b7000 	C:\Program Files\Java\jdk-11.0.4\bin\server\jvm.dll
0x00007fff81cd0000 - 0x00007fff81cd8000 	C:\WINDOWS\System32\PSAPI.DLL
0x00007fff6b380000 - 0x00007fff6b389000 	C:\WINDOWS\SYSTEM32\WSOCK32.dll
0x00007fff81b80000 - 0x00007fff81beb000 	C:\WINDOWS\System32\WS2_32.dll
0x00007fff71580000 - 0x00007fff715a7000 	C:\WINDOWS\SYSTEM32\WINMM.dll
0x00007fff7d3a0000 - 0x00007fff7d3b2000 	C:\WINDOWS\SYSTEM32\kernel.appcore.dll
0x00007fff681f0000 - 0x00007fff68201000 	C:\Program Files\Java\jdk-11.0.4\bin\verify.dll
0x00007fff65310000 - 0x00007fff654f4000 	C:\WINDOWS\SYSTEM32\DBGHELP.DLL
0x00007fff652d0000 - 0x00007fff65305000 	C:\WINDOWS\SYSTEM32\dbgcore.DLL
0x00007fff7f500000 - 0x00007fff7f582000 	C:\WINDOWS\System32\bcryptPrimitives.dll
0x00007fff57920000 - 0x00007fff57949000 	C:\Program Files\Java\jdk-11.0.4\bin\java.dll
0x00007fff62810000 - 0x00007fff62826000 	C:\Program Files\Java\jdk-11.0.4\bin\zip.dll
0x00007fff6edf0000 - 0x00007fff6edfa000 	C:\Program Files\Java\jdk-11.0.4\bin\jimage.dll
0x00007fff80f20000 - 0x00007fff81665000 	C:\WINDOWS\System32\SHELL32.dll
0x00007fff7d5a0000 - 0x00007fff7dd32000 	C:\WINDOWS\SYSTEM32\windows.storage.dll
0x00007fff81670000 - 0x00007fff819c5000 	C:\WINDOWS\System32\combase.dll
0x00007fff7ef60000 - 0x00007fff7ef90000 	C:\WINDOWS\SYSTEM32\Wldp.dll
0x00007fff80d50000 - 0x00007fff80dfd000 	C:\WINDOWS\System32\SHCORE.dll
0x00007fff80c50000 - 0x00007fff80ca5000 	C:\WINDOWS\System32\shlwapi.dll
0x00007fff7f440000 - 0x00007fff7f45f000 	C:\WINDOWS\SYSTEM32\profapi.dll
0x00007fff54d40000 - 0x00007fff54d59000 	C:\Program Files\Java\jdk-11.0.4\bin\net.dll
0x00007fff78fb0000 - 0x00007fff790bc000 	C:\WINDOWS\SYSTEM32\WINHTTP.dll
0x00007fff73000000 - 0x00007fff731ec000 	C:\WINDOWS\SYSTEM32\urlmon.dll
0x00007fff73330000 - 0x00007fff735e1000 	C:\WINDOWS\SYSTEM32\iertutil.dll
0x00007fff72fd0000 - 0x00007fff72ff8000 	C:\WINDOWS\SYSTEM32\srvcli.dll
0x00007fff7ea70000 - 0x00007fff7ea7c000 	C:\WINDOWS\SYSTEM32\netutils.dll
0x00007fff7ecc0000 - 0x00007fff7ed2a000 	C:\WINDOWS\system32\mswsock.dll
0x00007fff54d20000 - 0x00007fff54d33000 	C:\Program Files\Java\jdk-11.0.4\bin\nio.dll
0x00007fff7b320000 - 0x00007fff7b329000 	C:\Program Files\Java\jdk-11.0.4\bin\management.dll
0x00007fff7aa60000 - 0x00007fff7aa6c000 	C:\Program Files\Java\jdk-11.0.4\bin\management_ext.dll
0x00007fff68ec0000 - 0x00007fff68ed7000 	C:\WINDOWS\system32\napinsp.dll
0x00007fff74e80000 - 0x00007fff74e9b000 	C:\WINDOWS\system32\pnrpnsp.dll
0x00007fff7a350000 - 0x00007fff7a365000 	C:\WINDOWS\system32\wshbth.dll
0x00007fff7aa20000 - 0x00007fff7aa3d000 	C:\WINDOWS\system32\NLAapi.dll
0x00007fff7e960000 - 0x00007fff7e99b000 	C:\WINDOWS\SYSTEM32\IPHLPAPI.DLL
0x00007fff7e9a0000 - 0x00007fff7ea6b000 	C:\WINDOWS\SYSTEM32\DNSAPI.dll
0x00007fff80e70000 - 0x00007fff80e78000 	C:\WINDOWS\System32\NSI.dll
0x00007fff74ea0000 - 0x00007fff74eb2000 	C:\WINDOWS\System32\winrnr.dll
0x00007fff76ed0000 - 0x00007fff76eda000 	C:\Windows\System32\rasadhlp.dll
0x00007fff76dc0000 - 0x00007fff76e40000 	C:\WINDOWS\System32\fwpuclnt.dll
0x00007fff7fb40000 - 0x00007fff7fb67000 	C:\WINDOWS\System32\bcrypt.dll
0x00007fff7eeb0000 - 0x00007fff7eec8000 	C:\WINDOWS\SYSTEM32\CRYPTSP.dll
0x00007fff7e570000 - 0x00007fff7e5a4000 	C:\WINDOWS\system32\rsaenh.dll
0x00007fff7f3c0000 - 0x00007fff7f3ee000 	C:\WINDOWS\SYSTEM32\USERENV.dll
0x00007fff7eed0000 - 0x00007fff7eedc000 	C:\WINDOWS\SYSTEM32\CRYPTBASE.dll
0x00007fff79380000 - 0x00007fff79397000 	C:\WINDOWS\SYSTEM32\dhcpcsvc6.DLL
0x00007fff79360000 - 0x00007fff7937d000 	C:\WINDOWS\SYSTEM32\dhcpcsvc.DLL
0x00007fff7a3a0000 - 0x00007fff7a3ad000 	C:\Program Files\Java\jdk-11.0.4\bin\sunmscapi.dll
0x00007fff7f680000 - 0x00007fff7f7d6000 	C:\WINDOWS\System32\CRYPT32.dll
0x00007fff7efd0000 - 0x00007fff7eff7000 	C:\WINDOWS\SYSTEM32\ncrypt.dll
0x00007fff7ef90000 - 0x00007fff7efcb000 	C:\WINDOWS\SYSTEM32\NTASN1.dll
0x00007fff761b0000 - 0x00007fff761d7000 	C:\Program Files\Java\jdk-11.0.4\bin\sunec.dll

dbghelp: loaded successfully - version: 4.0.5 - missing functions: none
symbol engine: initialized successfully - sym options: 0x614 - pdb path: .;C:\Program Files\Java\jdk-11.0.4\bin;C:\WINDOWS\SYSTEM32;C:\WINDOWS\WinSxS\amd64_microsoft.windows.common-controls_6595b64144ccf1df_6.0.19041.1110_none_60b5254171f9507e;C:\Program Files\Java\jdk-11.0.4\bin\server

VM Arguments:
jvm_args: -Dfile.encoding=UTF-8 
java_command: com.alefesilva.minhasfinancas.MinhasfinancasApplication
java_class_path (initial): C:\ProjetosJava\minhasfinancas\target\classes;C:\Users\User\.p2\pool\plugins\org.junit_4.13.2.v20211018-1956.jar;C:\Users\User\.p2\pool\plugins\org.hamcrest.core_1.3.0.v20180420-1519.jar;C:\Users\User\.m2\repository\org\springframework\boot\spring-boot-starter\2.7.4\spring-boot-starter-2.7.4.jar;C:\Users\User\.m2\repository\org\springframework\boot\spring-boot\2.7.4\spring-boot-2.7.4.jar;C:\Users\User\.m2\repository\org\springframework\spring-context\5.3.23\spring-context-5.3.23.jar;C:\Users\User\.m2\repository\org\springframework\boot\spring-boot-autoconfigure\2.7.4\spring-boot-autoconfigure-2.7.4.jar;C:\Users\User\.m2\repository\org\springframework\boot\spring-boot-starter-logging\2.7.4\spring-boot-starter-logging-2.7.4.jar;C:\Users\User\.m2\repository\ch\qos\logback\logback-classic\1.2.11\logback-classic-1.2.11.jar;C:\Users\User\.m2\repository\ch\qos\logback\logback-core\1.2.11\logback-core-1.2.11.jar;C:\Users\User\.m2\repository\org\apache\logging\log4j\log4j-to-slf4j\2.17.2\log4j-to-slf4j-2.17.2.jar;C:\Users\User\.m2\repository\org\apache\logging\log4j\log4j-api\2.17.2\log4j-api-2.17.2.jar;C:\Users\User\.m2\repository\org\slf4j\jul-to-slf4j\1.7.36\jul-to-slf4j-1.7.36.jar;C:\Users\User\.m2\repository\jakarta\annotation\jakarta.annotation-api\1.3.5\jakarta.annotation-api-1.3.5.jar;C:\Users\User\.m2\repository\org\springframework\spring-core\5.3.23\spring-core-5.3.23.jar;C:\Users\User\.m2\repository\org\springframework\spring-jcl\5.3.23\spring-jcl-5.3.23.jar;C:\Users\User\.m2\repository\org\yaml\snakeyaml\1.30\snakeyaml-1.30.jar;C:\Users\User\.m2\repository\org\springframework\boot\spring-boot-starter-web\2.7.4\spring-boot-starter-web-2.7.4.jar;C:\Users\User\.m2\repository\org\springframework\boot\spring-boot-starter-json\2.7.4\spring-boot-starter-json-2.7.4.jar;C:\Users\User\.m2\repository\com\fasterxml\jackson\core\jackson-databind\2.13.4\jackson-databind-2.13.4.jar;C:\Users\User\.m2\repository\com\fasterxml\jackson\core\jackson-anno
Launcher Type: SUN_STANDARD

[Global flags]
     intx CICompilerCount                          = 3                                         {product} {ergonomic}
     uint ConcGCThreads                            = 1                                         {product} {ergonomic}
     uint G1ConcRefinementThreads                  = 4                                         {product} {ergonomic}
   size_t G1HeapRegionSize                         = 1048576                                   {product} {ergonomic}
    uintx GCDrainStackTargetSize                   = 64                                        {product} {ergonomic}
   size_t InitialHeapSize                          = 67108864                                  {product} {ergonomic}
   size_t MarkStackSize                            = 4194304                                   {product} {ergonomic}
   size_t MaxHeapSize                              = 1050673152                                {product} {ergonomic}
   size_t MaxNewSize                               = 630194176                                 {product} {ergonomic}
   size_t MinHeapDeltaBytes                        = 1048576                                   {product} {ergonomic}
    uintx NonNMethodCodeHeapSize                   = 5830092                                {pd product} {ergonomic}
    uintx NonProfiledCodeHeapSize                  = 122914074                              {pd product} {ergonomic}
    uintx ProfiledCodeHeapSize                     = 122914074                              {pd product} {ergonomic}
    uintx ReservedCodeCacheSize                    = 251658240                              {pd product} {ergonomic}
     bool SegmentedCodeCache                       = true                                      {product} {ergonomic}
     bool UseCompressedClassPointers               = true                                 {lp64_product} {ergonomic}
     bool UseCompressedOops                        = true                                 {lp64_product} {ergonomic}
     bool UseG1GC                                  = true                                      {product} {ergonomic}
     bool UseLargePagesIndividualAllocation        = false                                  {pd product} {ergonomic}

Logging:
Log output configuration:
 #0: stdout all=warning uptime,level,tags
 #1: stderr all=off uptime,level,tags

Environment Variables:
JAVA_HOME=C:\Program Files\Java\jdk-11.0.4
PATH=C:/Program Files/Java/jdk-11.0.4/bin/server;C:/Program Files/Java/jdk-11.0.4/bin;C:\Python310\Scripts\;C:\Python310\;C:\Program Files\Java\jdk-11.0.4\bin;C:\Python39\Scripts\;C:\Python39\;C:\Program Files (x86)\Common Files\Oracle\Java\javapath;C:\WINDOWS\system32;C:\WINDOWS;C:\WINDOWS\System32\Wbem;C:\WINDOWS\System32\WindowsPowerShell\v1.0\;C:\Python34;C:\Python34\Scripts;C:\Program Files\dotnet\;C:\Program Files\Microsoft SQL Server\130\Tools\Binn\;C:\WINDOWS\System32\OpenSSH\;C:\Users\User\AppData\Local\Programs\Microsoft VS Code\bin;C:\Program Files\Git\cmd;C:\users\user\AppData\Roaming\npm;C:\Users\User\AppData\Local\Programs\Python\Python38-32\Scripts;C:\ProgramData\chocolatey\bin;C:\Program Files\nodejs\;C:\PHP8;C:\composer;C:\Users\User\AppData\Local\Programs\Python\Python38-32\Scripts\;C:\Users\User\AppData\Local\Programs\Python\Python38-32\;C:\Users\User\AppData\Local\Programs\Python\Python37\Scripts\;C:\Users\User\AppData\Local\Programs\Python\Python37\;C:\Users\User\AppData\Local\Programs\Microsoft VS Code\bin;C:\Users\User\AppData\Local\Microsoft\WindowsApps;C:\Program Files\MySQL\MySQL Server 8.0\bin;C:\Program Files\heroku\bin;;C:\Program Files\JetBrains\PyCharm Community Edition 2021.1.2\bin;;C:\Users\User\AppData\Roaming\npm;C:\Users\User\AppData\Roaming\Composer\vendor\bin;C:\Users\User\eclipse\jee-2022-03\eclipse;
USERNAME=User
OS=Windows_NT
PROCESSOR_IDENTIFIER=Intel64 Family 6 Model 42 Stepping 7, GenuineIntel



---------------  S Y S T E M  ---------------

OS: Windows 10 , 64 bit Build 19041 (10.0.19041.2546)

CPU:total 4 (initial active 4) (2 cores per cpu, 2 threads per core) family 6 model 42 stepping 7, cmov, cx8, fxsr, mmx, sse, sse2, sse3, ssse3, sse4.1, sse4.2, popcnt, avx, aes, clmul, ht, tsc, tscinvbit

Memory: 4k page, system-wide physical 4006M (579M free)
TotalPageFile size 6606M (AvailPageFile size 68M)
current process WorkingSet (physical memory assigned to process): 139M, peak: 264M
current process commit charge ("private bytes"): 299M, peak: 307M

vm_info: Java HotSpot(TM) 64-Bit Server VM (11.0.4+10-LTS) for windows-amd64 JRE (11.0.4+10-LTS), built on Jul  4 2019 16:28:13 by "mach5one" with MS VC++ 15.5 (VS2017)

END.
